2016-11-22 02:14:48 DEBUG AbstractFlushingEventListener:174 - Dirty checking collections
2016-11-22 02:14:48 DEBUG AbstractFlushingEventListener:106 - Flushed: 1 insertions, 0 updates, 0 deletions to 1 objects
2016-11-22 02:14:48 DEBUG AbstractFlushingEventListener:113 - Flushed: 0 (re)creations, 0 updates, 0 removals to 0 collections
2016-11-22 02:14:48 DEBUG EntityPrinter:102 - Listing entities:
2016-11-22 02:14:48 DEBUG EntityPrinter:109 - pl.service.science.translation.domain.TranslationText{translation=pl.service.science.translation.domain.Translation#33, language=pl.service.science.translation.domain.Language#29, id=34, text=Poznan}
2016-11-22 02:14:48 DEBUG SQL:92 - insert into translation_text (translation_text_language_id, translation_text, translation_text_translation_id, translation_text_id) values (?, ?, ?, ?)
2016-11-22 02:14:48 DEBUG JpaTransactionManager:600 - Closing JPA EntityManager [SessionImpl(PersistenceContext[entityKeys=[EntityKey[pl.service.science.translation.domain.TranslationText#34]],collectionKeys=[]];ActionQueue[insertions=ExecutableList{size=0} updates=ExecutableList{size=0} deletions=ExecutableList{size=0} orphanRemovals=ExecutableList{size=0} collectionCreations=ExecutableList{size=0} collectionRemovals=ExecutableList{size=0} collectionUpdates=ExecutableList{size=0} collectionQueuedOps=ExecutableList{size=0} unresolvedInsertDependencies=null])] after transaction
2016-11-22 02:14:48 DEBUG EntityManagerFactoryUtils:435 - Closing JPA EntityManager
2016-11-22 02:14:48 DEBUG JdbcCoordinatorImpl:177 - HHH000420: Closing un-released batch
2016-11-22 02:14:48 DEBUG TransactionalRepositoryProxyPostProcessor$CustomAnnotationTransactionAttributeSource:351 - Adding transactional method 'save' with attribute: PROPAGATION_REQUIRED,ISOLATION_DEFAULT; ''
2016-11-22 02:14:48 DEBUG DefaultListableBeanFactory:251 - Returning cached instance of singleton bean 'transactionManager'
2016-11-22 02:14:48 DEBUG JpaTransactionManager:367 - Creating new transaction with name [org.springframework.data.jpa.repository.support.SimpleJpaRepository.save]: PROPAGATION_REQUIRED,ISOLATION_DEFAULT; ''
2016-11-22 02:14:48 DEBUG JpaTransactionManager:371 - Opened new EntityManager [SessionImpl(PersistenceContext[entityKeys=[],collectionKeys=[]];ActionQueue[insertions=ExecutableList{size=0} updates=ExecutableList{size=0} deletions=ExecutableList{size=0} orphanRemovals=ExecutableList{size=0} collectionCreations=ExecutableList{size=0} collectionRemovals=ExecutableList{size=0} collectionUpdates=ExecutableList{size=0} collectionQueuedOps=ExecutableList{size=0} unresolvedInsertDependencies=null])] for JPA transaction
2016-11-22 02:14:48 DEBUG TransactionImpl:55 - begin
2016-11-22 02:14:48 DEBUG DriverManagerDataSource:142 - Creating new JDBC DriverManager Connection to [jdbc:mysql://localhost:3306/service]
2016-11-22 02:14:48 DEBUG JpaTransactionManager:403 - Exposing JPA transaction as JDBC transaction [org.springframework.orm.jpa.vendor.HibernateJpaDialect$HibernateConnectionHandle@16aed49f]
2016-11-22 02:14:48 DEBUG DriverManagerDataSource:142 - Creating new JDBC DriverManager Connection to [jdbc:mysql://localhost:3306/service]
2016-11-22 02:14:48 DEBUG SQL:92 - select next_val as id_val from hibernate_sequence for update
2016-11-22 02:14:48 DEBUG SQL:92 - update hibernate_sequence set next_val= ? where next_val=?
2016-11-22 02:14:48 DEBUG AbstractSaveEventListener:118 - Generated identifier: 35, using strategy: org.hibernate.id.enhanced.SequenceStyleGenerator
2016-11-22 02:14:48 DEBUG JpaTransactionManager:759 - Initiating transaction commit
2016-11-22 02:14:48 DEBUG JpaTransactionManager:512 - Committing JPA transaction on EntityManager [SessionImpl(PersistenceContext[entityKeys=[EntityKey[pl.service.science.localization.domain.City#35]],collectionKeys=[]];ActionQueue[insertions=ExecutableList{size=1} updates=ExecutableList{size=0} deletions=ExecutableList{size=0} orphanRemovals=ExecutableList{size=0} collectionCreations=ExecutableList{size=0} collectionRemovals=ExecutableList{size=0} collectionUpdates=ExecutableList{size=0} collectionQueuedOps=ExecutableList{size=0} unresolvedInsertDependencies=null])]
2016-11-22 02:14:48 DEBUG TransactionImpl:66 - committing
2016-11-22 02:14:48 DEBUG AbstractFlushingEventListener:132 - Processing flush-time cascades
2016-11-22 02:14:48 DEBUG AbstractFlushingEventListener:174 - Dirty checking collections
2016-11-22 02:14:48 DEBUG AbstractFlushingEventListener:106 - Flushed: 1 insertions, 0 updates, 0 deletions to 1 objects
2016-11-22 02:14:48 DEBUG AbstractFlushingEventListener:113 - Flushed: 0 (re)creations, 0 updates, 0 removals to 0 collections
2016-11-22 02:14:48 DEBUG EntityPrinter:102 - Listing entities:
2016-11-22 02:14:48 DEBUG EntityPrinter:109 - pl.service.science.localization.domain.City{id=35, region=pl.service.science.localization.domain.Region#32, cityTranslation=pl.service.science.translation.domain.Translation#33}
2016-11-22 02:14:48 DEBUG SQL:92 - insert into city (city_translation_id, city_region_id, city_id) values (?, ?, ?)
2016-11-22 02:14:49 DEBUG JpaTransactionManager:600 - Closing JPA EntityManager [SessionImpl(PersistenceContext[entityKeys=[EntityKey[pl.service.science.localization.domain.City#35]],collectionKeys=[]];ActionQueue[insertions=ExecutableList{size=0} updates=ExecutableList{size=0} deletions=ExecutableList{size=0} orphanRemovals=ExecutableList{size=0} collectionCreations=ExecutableList{size=0} collectionRemovals=ExecutableList{size=0} collectionUpdates=ExecutableList{size=0} collectionQueuedOps=ExecutableList{size=0} unresolvedInsertDependencies=null])] after transaction
2016-11-22 02:14:49 DEBUG EntityManagerFactoryUtils:435 - Closing JPA EntityManager
2016-11-22 02:14:49 DEBUG JdbcCoordinatorImpl:177 - HHH000420: Closing un-released batch
2016-11-22 02:14:49 DEBUG AbstractDirtiesContextTestExecutionListener:106 - After test method: context [DefaultTestContext@4cf777e8 testClass = DataBaseSimpleOperationTest, testInstance = service.sience.presentation.test.DataBaseSimpleOperationTest@490ab905, testMethod = testCity@DataBaseSimpleOperationTest, testException = [null], mergedContextConfiguration = [MergedContextConfiguration@2f686d1f testClass = DataBaseSimpleOperationTest, locations = '{file:src/main/webapp/WEB-INF/applicationContext.xml}', classes = '{}', contextInitializerClasses = '[]', activeProfiles = '{}', propertySourceLocations = '{}', propertySourceProperties = '{}', contextCustomizers = set[[empty]], contextLoader = 'org.springframework.test.context.support.DelegatingSmartContextLoader', parent = [null]]], class annotated with @DirtiesContext [false] with mode [null], method annotated with @DirtiesContext [false] with mode [null].
2016-11-22 02:14:49 DEBUG AbstractDirtiesContextTestExecutionListener:141 - After test class: context [DefaultTestContext@4cf777e8 testClass = DataBaseSimpleOperationTest, testInstance = [null], testMethod = [null], testException = [null], mergedContextConfiguration = [MergedContextConfiguration@2f686d1f testClass = DataBaseSimpleOperationTest, locations = '{file:src/main/webapp/WEB-INF/applicationContext.xml}', classes = '{}', contextInitializerClasses = '[]', activeProfiles = '{}', propertySourceLocations = '{}', propertySourceProperties = '{}', contextCustomizers = set[[empty]], contextLoader = 'org.springframework.test.context.support.DelegatingSmartContextLoader', parent = [null]]], class annotated with @DirtiesContext [false] with mode [null].
2016-11-22 02:14:49 INFO  GenericApplicationContext:982 - Closing org.springframework.context.support.GenericApplicationContext@56235b8e: startup date [Tue Nov 22 02:14:43 CET 2016]; root of context hierarchy
2016-11-22 02:14:49 DEBUG DefaultListableBeanFactory:251 - Returning cached instance of singleton bean 'lifecycleProcessor'
2016-11-22 02:14:49 DEBUG DefaultListableBeanFactory:512 - Destroying singletons in org.springframework.beans.factory.support.DefaultListableBeanFactory@6150c3ec: defining beans [publicationCategoryController,publicationController,translationController,serviceCityImpl,serviceCountryImpl,serviceRegionImpl,JDBCPublicationDAO,listPublicationDAO,servicePublicationCategoryImpl,servicePublicationImpl,serviceTranslationImpl,org.springframework.context.annotation.internalConfigurationAnnotationProcessor,org.springframework.context.annotation.internalAutowiredAnnotationProcessor,org.springframework.context.annotation.internalRequiredAnnotationProcessor,org.springframework.context.annotation.internalCommonAnnotationProcessor,org.springframework.context.annotation.internalPersistenceAnnotationProcessor,org.springframework.context.event.internalEventListenerProcessor,org.springframework.context.event.internalEventListenerFactory,org.springframework.data.jpa.repository.config.JpaRepositoryConfigExtension#0,org.springframework.data.repository.core.support.RepositoryFactoryBeanSupport_Predictor,emBeanDefinitionRegistrarPostProcessor,jpaMappingContext,jpaContext,daoCity,daoPublication,daoRegion,daoTranslationText,daoPublicationCategory,daoLanguage,daoCountry,daoTranslation,org.springframework.transaction.config.internalTransactionalEventListenerFactory,org.springframework.aop.config.internalAutoProxyCreator,org.springframework.transaction.annotation.AnnotationTransactionAttributeSource#0,org.springframework.transaction.interceptor.TransactionInterceptor#0,org.springframework.transaction.config.internalTransactionAdvisor,dataSource,entityManagerFactory,org.springframework.orm.jpa.support.PersistenceAnnotationBeanPostProcessor#0,org.springframework.dao.annotation.PersistenceExceptionTranslationPostProcessor#0,transactionManager,messageSource,org.springframework.web.servlet.handler.MappedInterceptor#0,localeResolver,org.springframework.context.annotation.ConfigurationClassPostProcessor.importAwareProcessor,org.springframework.context.annotation.ConfigurationClassPostProcessor.enhancedConfigurationProcessor,org.springframework.orm.jpa.SharedEntityManagerCreator#0]; root of factory hierarchy
2016-11-22 02:14:49 DEBUG DefaultListableBeanFactory:568 - Retrieved dependent beans for bean 'jpaMappingContext': [daoPublicationCategory, daoPublication, daoTranslation, daoCity, daoRegion, daoTranslationText, daoLanguage, daoCountry]
2016-11-22 02:14:49 DEBUG DefaultListableBeanFactory:568 - Retrieved dependent beans for bean 'daoPublicationCategory': [servicePublicationCategoryImpl]
2016-11-22 02:14:49 DEBUG DefaultListableBeanFactory:568 - Retrieved dependent beans for bean 'servicePublicationCategoryImpl': [publicationCategoryController, service.sience.presentation.test.DataBaseSimpleOperationTest]
2016-11-22 02:14:49 DEBUG DefaultListableBeanFactory:568 - Retrieved dependent beans for bean '(inner bean)#15400fff': [daoPublicationCategory]
2016-11-22 02:14:49 DEBUG DefaultListableBeanFactory:568 - Retrieved dependent beans for bean '(inner bean)#1e7ab390': [(inner bean)#15400fff]
2016-11-22 02:14:49 DEBUG DefaultListableBeanFactory:568 - Retrieved dependent beans for bean 'daoPublication': [servicePublicationImpl]
2016-11-22 02:14:49 DEBUG DefaultListableBeanFactory:568 - Retrieved dependent beans for bean 'servicePublicationImpl': [publicationController]
2016-11-22 02:14:49 DEBUG DefaultListableBeanFactory:568 - Retrieved dependent beans for bean '(inner bean)#557a84fe': [daoPublication]
2016-11-22 02:14:49 DEBUG DefaultListableBeanFactory:568 - Retrieved dependent beans for bean '(inner bean)#6deee370': [(inner bean)#557a84fe]
2016-11-22 02:14:49 DEBUG DefaultListableBeanFactory:568 - Retrieved dependent beans for bean 'daoTranslation': [translationController, serviceTranslationImpl]
2016-11-22 02:14:49 DEBUG DefaultListableBeanFactory:568 - Retrieved dependent beans for bean '(inner bean)#6add8e3f': [daoTranslation]
2016-11-22 02:14:49 DEBUG DefaultListableBeanFactory:568 - Retrieved dependent beans for bean '(inner bean)#58a2b917': [(inner bean)#6add8e3f]
2016-11-22 02:14:49 DEBUG DefaultListableBeanFactory:568 - Retrieved dependent beans for bean '(inner bean)#7c781c42': [daoCity]
2016-11-22 02:14:49 DEBUG DefaultListableBeanFactory:568 - Retrieved dependent beans for bean '(inner bean)#795f8317': [(inner bean)#7c781c42]
2016-11-22 02:14:49 DEBUG DefaultListableBeanFactory:568 - Retrieved dependent beans for bean '(inner bean)#3902bd2c': [daoRegion]
2016-11-22 02:14:49 DEBUG DefaultListableBeanFactory:568 - Retrieved dependent beans for bean '(inner bean)#7d32e714': [(inner bean)#3902bd2c]
2016-11-22 02:14:49 DEBUG DefaultListableBeanFactory:568 - Retrieved dependent beans for bean '(inner bean)#4f4c88f9': [daoTranslationText]
2016-11-22 02:14:49 DEBUG DefaultListableBeanFactory:568 - Retrieved dependent beans for bean '(inner bean)#6a756082': [(inner bean)#4f4c88f9]
2016-11-22 02:14:49 DEBUG DefaultListableBeanFactory:568 - Retrieved dependent beans for bean '(inner bean)#46f902e0': [daoLanguage]
2016-11-22 02:14:49 DEBUG DefaultListableBeanFactory:568 - Retrieved dependent beans for bean '(inner bean)#64f981e2': [(inner bean)#46f902e0]
2016-11-22 02:14:49 DEBUG DefaultListableBeanFactory:568 - Retrieved dependent beans for bean '(inner bean)#5562c2c9': [daoCountry]
2016-11-22 02:14:49 DEBUG DefaultListableBeanFactory:568 - Retrieved dependent beans for bean '(inner bean)#673c4f6e': [(inner bean)#5562c2c9]
2016-11-22 02:14:49 DEBUG DisposableBeanAdapter:259 - Invoking destroy() on bean with name 'jpaMappingContext'
2016-11-22 02:14:49 DEBUG DefaultListableBeanFactory:568 - Retrieved dependent beans for bean 'entityManagerFactory': [listPublicationDAO, org.springframework.orm.jpa.SharedEntityManagerCreator#0, transactionManager]
2016-11-22 02:14:49 DEBUG DefaultListableBeanFactory:568 - Retrieved dependent beans for bean 'org.springframework.orm.jpa.SharedEntityManagerCreator#0': [jpaContext]
2016-11-22 02:14:49 DEBUG DisposableBeanAdapter:259 - Invoking destroy() on bean with name 'entityManagerFactory'
2016-11-22 02:14:49 INFO  LocalContainerEntityManagerFactoryBean:551 - Closing JPA EntityManagerFactory for persistence unit 'default'
2016-11-22 02:14:49 DEBUG SessionFactoryImpl:731 - HHH000031: Closing
2016-11-22 02:14:49 DEBUG CascadeStyles:268 - External cascade style regsitration [persist : STYLE_PERSIST] overrode base registration [STYLE_PERSIST_SKIPLAZY]
2016-11-22 02:14:49 DEBUG AbstractServiceRegistryImpl:410 - Implicitly destroying ServiceRegistry on de-registration of all child ServiceRegistries
2016-11-22 02:14:49 DEBUG BootstrapServiceRegistryImpl:295 - Implicitly destroying Boot-strap registry on de-registration of all child ServiceRegistries
2016-11-22 02:14:49 DEBUG DefaultListableBeanFactory:568 - Retrieved dependent beans for bean 'org.springframework.orm.jpa.vendor.HibernateJpaVendorAdapter#5656be13': [entityManagerFactory]
